No credentials provided, falling back to browser authentication
Starting ingest for: 2026-04-06
Querying OpenSky Historical Cluster (this can take 1-2 minutes)...
Open the following URL in browser for the external authentication:
https://trino.opensky-network.org/oauth2/token/initiate/913281d56263e67848524de2ae3ecab16b2aa62c39748e416e908753a9864977
Error during ingest: (trino.exceptions.TrinoAuthError) Exceeded max attempts while getting the token
[SQL: 
            SELECT 
                icao24, 
                callsign, 
                origin_country, 
                time, 
                lastcontact, 
                lon, 
                lat, 
                baroaltitude, 
                onground, 
                velocity, 
                heading, 
                vertrate, 
                geoaltitude, 
                squawk, 
                spi,
                day
            FROM state_vectors_data4 
            WHERE day = '2026-04-06'
            AND hour = 12  -- Limiting to 1 hour to prevent a massive crash
            LIMIT 10000
        ]
(Background on this error at: https://sqlalche.me/e/20/e3q8)
🚀 Starting ingest for: 2026-04-07
📡 Probing Trino permissions for user: skywalker1...
💥 Error during ingest: error 401: b'Access Denied: Invalid credentials'
🚀 Starting ingest for: 2026-04-08
📡 Probing Trino permissions for user: skywalker1...
💥 Error during ingest: error 401: b'Access Denied: Invalid credentials'
🚀 Starting ingest for: 2026-04-09
📡 Probing Trino permissions for user: skywalker1...
💥 Error during ingest: error 401: b'Access Denied: Invalid credentials'
🚀 Starting ingest for: 2026-04-10
📡 Probing Trino permissions for user: skywalker1...
💥 Error during ingest: error 401: b'Access Denied: Invalid credentials'
